#
# There is insufficient memory for the Java Runtime Environment to continue.
# Native memory allocation (mmap) failed to map 132120576 bytes for Failed to commit area from 0x00000000f8000000 to 0x00000000ffe00000 of length 132120576.
# Possible reasons:
#   The system is out of physical RAM or swap space
#   The process is running with CompressedOops enabled, and the Java Heap may be blocking the growth of the native heap
# Possible solutions:
#   Reduce memory load on the system
#   Increase physical memory or swap space
#   Check if swap backing store is full
#   Decrease Java heap size (-Xmx/-Xms)
#   Decrease number of Java threads
#   Decrease Java thread stack sizes (-Xss)
#   Set larger code cache with -XX:ReservedCodeCacheSize=
# This output file may be truncated or incomplete.
#
#  Out of Memory Error (t:/workspace/open/src/hotspot/os/windows/os_windows.cpp:3301), pid=11500, tid=19496
#
# JRE version:  (13.0.2+8) (build )
# Java VM: Java HotSpot(TM) 64-Bit Server VM (13.0.2+8, mixed mode, aot, sharing, tiered, compressed oops, g1 gc, windows-amd64)
# No core dump will be written. Minidumps are not enabled by default on client versions of Windows
#

---------------  S U M M A R Y ------------

Command Line: -Xmx128m -Xss2m -Dant.home=C:\Program Files\JetBrains\IntelliJ IDEA 2020.2.3\lib\ant -Dant.library.dir=C:\Program Files\JetBrains\IntelliJ IDEA 2020.2.3\lib\ant\lib -Dfile.encoding=UTF-8 com.intellij.rt.ant.execution.AntMain2 -logger com.intellij.rt.ant.execution.IdeaAntLogger2 -inputhandler com.intellij.rt.ant.execution.IdeaInputHandler -buildfile D:\4.godina\pp\pp_projekat\workspace\mj_compiler\build.xml delete

Host: Intel(R) Core(TM) i7-8550U CPU @ 1.80GHz, 8 cores, 7G,  Windows 10 , 64 bit Build 19041 (10.0.19041.1348)
Time: Mon Jan  3 15:12:57 2022 Central Europe Standard Time elapsed time: 0 seconds (0d 0h 0m 0s)

---------------  T H R E A D  ---------------

Current thread (0x000001fdb51c7000):  JavaThread "Unknown thread" [_thread_in_vm, id=19496, stack(0x00000071e3b00000,0x00000071e3d00000)]

Stack: [0x00000071e3b00000,0x00000071e3d00000]
Native frames: (J=compiled Java code, j=interpreted, Vv=VM code, C=native code)
V  [jvm.dll+0x624f9a]
V  [jvm.dll+0x770cfa]
V  [jvm.dll+0x7724af]
V  [jvm.dll+0x772ab3]
V  [jvm.dll+0x24bf08]
V  [jvm.dll+0x6222aa]
V  [jvm.dll+0x6170b5]
V  [jvm.dll+0x30a88c]
V  [jvm.dll+0x30a6c2]
V  [jvm.dll+0x30fe36]
V  [jvm.dll+0x353f46]
V  [jvm.dll+0x353720]
V  [jvm.dll+0x2e550a]
V  [jvm.dll+0x2e67a2]
V  [jvm.dll+0x74dd78]
V  [jvm.dll+0x361989]
V  [jvm.dll+0x730e65]
V  [jvm.dll+0x3cc53f]
V  [jvm.dll+0x3ce861]
C  [jli.dll+0x51ff]
C  [ucrtbase.dll+0x21bb2]
C  [KERNEL32.DLL+0x17034]
C  [ntdll.dll+0x52651]


---------------  P R O C E S S  ---------------

Threads class SMR info:
_java_thread_list=0x00007fff19d1ccb8, length=0, elements={
}

Java Threads: ( => current thread )

Other Threads:
  0x000001fdb51e6800 GCTaskThread "GC Thread#0" [stack: 0x00000071e3d00000,0x00000071e3e00000] [id=3808]
  0x000001fdb51e9000 ConcurrentGCThread "G1 Main Marker" [stack: 0x00000071e3e00000,0x00000071e3f00000] [id=9000]
  0x000001fdb51eb800 ConcurrentGCThread "G1 Conc#0" [stack: 0x00000071e3f00000,0x00000071e4000000] [id=20360]

[error occurred during error reporting (printing all threads), id 0xc0000005, EXCEPTION_ACCESS_VIOLATION (0xc0000005) at pc=0x00007fff195551d7]

VM state:not at safepoint (not fully initialized)

VM Mutex/Monitor currently owned by a thread:  ([mutex/lock_event])
[0x000001fdb51c1a90] Heap_lock - owner thread: 0x000001fdb51c7000

Heap address: 0x00000000f8000000, size: 128 MB, Compressed Oops mode: Non-zero based: 0x00000000f8000000
Narrow klass base: 0x0000000000000000, Narrow klass shift: 0

GC Heap History (0 events):
No events

Deoptimization events (0 events):
No events

Classes unloaded (0 events):
No events

Classes redefined (0 events):
No events

Internal exceptions (0 events):
No events

Events (8 events):
Event: 0.007 Loaded shared library C:\Program Files\Java\jdk-13.0.2\bin\zip.dll
Event: 0.007 Loaded shared library C:\Program Files\Java\jdk-13.0.2\bin\jimage.dll
Event: 0.008 Loading shared library C:\Program Files\Java\jdk-13.0.2\lib\libjava.base-coop.dll failed, error code 126
Event: 0.008 Loading shared library C:\Program Files\Java\jdk-13.0.2\lib\libjava.logging-coop.dll failed, error code 126
Event: 0.009 Loading shared library C:\Program Files\Java\jdk-13.0.2\lib\libjdk.compiler-coop.dll failed, error code 126
Event: 0.009 Loading shared library C:\Program Files\Java\jdk-13.0.2\lib\libjdk.scripting.nashorn-coop.dll failed, error code 126
Event: 0.009 Loading shared library C:\Program Files\Java\jdk-13.0.2\lib\libjdk.internal.vm.ci-coop.dll failed, error code 126
Event: 0.009 Loading shared library C:\Program Files\Java\jdk-13.0.2\lib\libjdk.internal.vm.compiler-coop.dll failed, error code 126


Dynamic libraries:
0x00007ff60d740000 - 0x00007ff60d74f000 	C:\Program Files\Java\jdk-13.0.2\bin\java.exe
0x00007fff50990000 - 0x00007fff50b85000 	C:\WINDOWS\SYSTEM32\ntdll.dll
0x00007fff4ef50000 - 0x00007fff4f00e000 	C:\WINDOWS\System32\KERNEL32.DLL
0x00007fff4e4a0000 - 0x00007fff4e768000 	C:\WINDOWS\System32\KERNELBASE.dll
0x00007fff4e7d0000 - 0x00007fff4e8d0000 	C:\WINDOWS\System32\ucrtbase.dll
0x00007fff4b270000 - 0x00007fff4b285000 	C:\Program Files\Java\jdk-13.0.2\bin\VCRUNTIME140.dll
0x00007fff4b290000 - 0x00007fff4b2a8000 	C:\Program Files\Java\jdk-13.0.2\bin\jli.dll
0x00007fff4f4a0000 - 0x00007fff4f54c000 	C:\WINDOWS\System32\ADVAPI32.dll
0x00007fff4ee30000 - 0x00007fff4eece000 	C:\WINDOWS\System32\msvcrt.dll
0x00007fff4f5e0000 - 0x00007fff4f67b000 	C:\WINDOWS\System32\sechost.dll
0x00007fff4fcb0000 - 0x00007fff4fdda000 	C:\WINDOWS\System32\RPCRT4.dll
0x00007fff4fa90000 - 0x00007fff4fc31000 	C:\WINDOWS\System32\USER32.dll
0x00007fff4e470000 - 0x00007fff4e492000 	C:\WINDOWS\System32\win32u.dll
0x00007fff37e20000 - 0x00007fff380ba000 	C:\WINDOWS\WinSxS\amd64_microsoft.windows.common-controls_6595b64144ccf1df_6.0.19041.1110_none_60b5254171f9507e\COMCTL32.dll
0x00007fff4ee00000 - 0x00007fff4ee2b000 	C:\WINDOWS\System32\GDI32.dll
0x00007fff4e230000 - 0x00007fff4e33d000 	C:\WINDOWS\System32\gdi32full.dll
0x00007fff4e340000 - 0x00007fff4e3dd000 	C:\WINDOWS\System32\msvcp_win.dll
0x00007fff44c90000 - 0x00007fff44c9a000 	C:\WINDOWS\SYSTEM32\VERSION.dll
0x00007fff4f5b0000 - 0x00007fff4f5e0000 	C:\WINDOWS\System32\IMM32.DLL
0x00007fff1a9c0000 - 0x00007fff1aa5b000 	C:\Program Files\Java\jdk-13.0.2\bin\msvcp140.dll
0x00007fff19260000 - 0x00007fff19dbd000 	C:\Program Files\Java\jdk-13.0.2\bin\server\jvm.dll
0x00007fff4e9d0000 - 0x00007fff4e9d8000 	C:\WINDOWS\System32\PSAPI.DLL
0x00007fff40f60000 - 0x00007fff40f69000 	C:\WINDOWS\SYSTEM32\WSOCK32.dll
0x00007fff40f70000 - 0x00007fff40f97000 	C:\WINDOWS\SYSTEM32\WINMM.dll
0x00007fff4fc40000 - 0x00007fff4fcab000 	C:\WINDOWS\System32\WS2_32.dll
0x00007fff4c930000 - 0x00007fff4c942000 	C:\WINDOWS\SYSTEM32\kernel.appcore.dll
0x00007fff4b260000 - 0x00007fff4b270000 	C:\Program Files\Java\jdk-13.0.2\bin\verify.dll
0x00007fff4c5f0000 - 0x00007fff4c7d4000 	C:\WINDOWS\SYSTEM32\DBGHELP.DLL
0x00007fff3c120000 - 0x00007fff3c14c000 	C:\WINDOWS\SYSTEM32\dbgcore.DLL
0x00007fff4e3e0000 - 0x00007fff4e462000 	C:\WINDOWS\System32\bcryptPrimitives.dll
0x00007fff3d600000 - 0x00007fff3d626000 	C:\Program Files\Java\jdk-13.0.2\bin\java.dll
0x00007fff493b0000 - 0x00007fff493c7000 	C:\Program Files\Java\jdk-13.0.2\bin\zip.dll
0x00007fff4b250000 - 0x00007fff4b25a000 	C:\Program Files\Java\jdk-13.0.2\bin\jimage.dll

dbghelp: loaded successfully - version: 4.0.5 - missing functions: none
symbol engine: initialized successfully - sym options: 0x614 - pdb path: .;C:\Program Files\Java\jdk-13.0.2\bin;C:\WINDOWS\SYSTEM32;C:\WINDOWS\WinSxS\amd64_microsoft.windows.common-controls_6595b64144ccf1df_6.0.19041.1110_none_60b5254171f9507e;C:\Program Files\Java\jdk-13.0.2\bin\server

VM Arguments:
jvm_args: -Xmx128m -Xss2m -Dant.home=C:\Program Files\JetBrains\IntelliJ IDEA 2020.2.3\lib\ant -Dant.library.dir=C:\Program Files\JetBrains\IntelliJ IDEA 2020.2.3\lib\ant\lib -Dfile.encoding=UTF-8 
java_command: com.intellij.rt.ant.execution.AntMain2 -logger com.intellij.rt.ant.execution.IdeaAntLogger2 -inputhandler com.intellij.rt.ant.execution.IdeaInputHandler -buildfile D:\4.godina\pp\pp_projekat\workspace\mj_compiler\build.xml delete
java_class_path (initial): C:\Program Files\Java\jdk-13.0.2!\java.base;C:\Program Files\Java\jdk-13.0.2!\java.compiler;C:\Program Files\Java\jdk-13.0.2!\java.datatransfer;C:\Program Files\Java\jdk-13.0.2!\java.desktop;C:\Program Files\Java\jdk-13.0.2!\java.instrument;C:\Program Files\Java\jdk-13.0.2!\java.logging;C:\Program Files\Java\jdk-13.0.2!\java.management;C:\Program Files\Java\jdk-13.0.2!\java.management.rmi;C:\Program Files\Java\jdk-13.0.2!\java.naming;C:\Program Files\Java\jdk-13.0.2!\java.net.http;C:\Program Files\Java\jdk-13.0.2!\java.prefs;C:\Program Files\Java\jdk-13.0.2!\java.rmi;C:\Program Files\Java\jdk-13.0.2!\java.scripting;C:\Program Files\Java\jdk-13.0.2!\java.se;C:\Program Files\Java\jdk-13.0.2!\java.security.jgss;C:\Program Files\Java\jdk-13.0.2!\java.security.sasl;C:\Program Files\Java\jdk-13.0.2!\java.smartcardio;C:\Program Files\Java\jdk-13.0.2!\java.sql;C:\Program Files\Java\jdk-13.0.2!\java.sql.rowset;C:\Program Files\Java\jdk-13.0.2!\java.transaction.xa;C:\Program Files\Java\jdk-13.0.2!\java.xml;C:\Program Files\Java\jdk-13.0.2!\java.xml.crypto;C:\Program Files\Java\jdk-13.0.2!\jdk.accessibility;C:\Program Files\Java\jdk-13.0.2!\jdk.aot;C:\Program Files\Java\jdk-13.0.2!\jdk.attach;C:\Program Files\Java\jdk-13.0.2!\jdk.charsets;C:\Program Files\Java\jdk-13.0.2!\jdk.compiler;C:\Program Files\Java\jdk-13.0.2!\jdk.crypto.cryptoki;C:\Program Files\Java\jdk-13.0.2!\jdk.crypto.ec;C:\Program Files\Java\jdk-13.0.2!\jdk.crypto.mscapi;C:\Program Files\Java\jdk-13.0.2!\jdk.dynalink;C:\Program Files\Java\jdk-13.0.2!\jdk.editpad;C:\Program Files\Java\jdk-13.0.2!\jdk.hotspot.agent;C:\Program Files\Java\jdk-13.0.2!\jdk.httpserver;C:\Program Files\Java\jdk-13.0.2!\jdk.internal.ed;C:\Program Files\Java\jdk-13.0.2!\jdk.internal.jvmstat;C:\Program Files\Java\jdk-13.0.2!\jdk.internal.le;C:\Program Files\Java\jdk-13.0.2!\jdk.internal.opt;C:\Program Files\Java\jdk-13.0.2!\jdk.internal.vm.ci;C:\Program Files\Java\jdk-13.0.2!\jdk.internal.vm.compiler;C:\Program
Launcher Type: SUN_STANDARD

[Global flags]
     intx CICompilerCount                          = 4                                         {product} {ergonomic}
     uint ConcGCThreads                            = 2                                         {product} {ergonomic}
     uint G1ConcRefinementThreads                  = 8                                         {product} {ergonomic}
   size_t G1HeapRegionSize                         = 1048576                                   {product} {ergonomic}
    uintx GCDrainStackTargetSize                   = 64                                        {product} {ergonomic}
   size_t InitialHeapSize                          = 132120576                                 {product} {ergonomic}
   size_t MarkStackSize                            = 4194304                                   {product} {ergonomic}
   size_t MaxHeapSize                              = 134217728                                 {product} {command line}
   size_t MinHeapDeltaBytes                        = 1048576                                   {product} {ergonomic}
   size_t MinHeapSize                              = 8388608                                   {product} {ergonomic}
    uintx NonNMethodCodeHeapSize                   = 5839372                                {pd product} {ergonomic}
    uintx NonProfiledCodeHeapSize                  = 122909434                              {pd product} {ergonomic}
    uintx ProfiledCodeHeapSize                     = 122909434                              {pd product} {ergonomic}
    uintx ReservedCodeCacheSize                    = 251658240                              {pd product} {ergonomic}
     bool SegmentedCodeCache                       = true                                      {product} {ergonomic}
   size_t SoftMaxHeapSize                          = 134217728                              {manageable} {ergonomic}
     intx ThreadStackSize                          = 2048                                   {pd product} {command line}
     bool UseCompressedClassPointers               = true                                 {lp64_product} {ergonomic}
     bool UseCompressedOops                        = true                                 {lp64_product} {ergonomic}
     bool UseG1GC                                  = true                                      {product} {ergonomic}
     bool UseLargePagesIndividualAllocation        = false                                  {pd product} {ergonomic}

Logging:
Log output configuration:
 #0: stdout all=warning uptime,level,tags
 #1: stderr all=off uptime,level,tags

Environment Variables:
JAVA_HOME=C:\Program Files\Java\jdk-13.0.2
PATH=C:\ProgramData\Oracle\Java\javapath;C:\Program Files (x86)\Common Files\Oracle\Java\javapath;C:\WINDOWS\system32;C:\WINDOWS;C:\WINDOWS\System32\Wbem;C:\WINDOWS\System32\WindowsPowerShell\v1.0\;C:\WINDOWS\System32\OpenSSH\;C:\Program Files\dotnet\;C:\Program Files\Java\jdk-13.0.2\bin;C:\Program Files (x86)\Java\jre1.8.0_251\bin;D:\matlab_instalacija\runtime\win64;D:\matlab_instalacija\bin;D:\matlab_instalacija\polyspace\bin;D:\spark_hadoop\spark-3.1.1-bin-hadoop2.7\bin;C:\Program Files\Git\cmd;D:\mongo\bin;C:\wamp64\bin\php\php7.3.21;C:\composer;C:\Program Files\nodejs\;C:\dockervmware\docker-machine-driver-vmware-master;C:\ProgramData\Microsoft\Windows\Start Menu\Programs\VMware;D:\4.godina\mips\alati\GNU_MCU\arm-none-eabi-gcc-10.2.1-1.1\bin;D:\ant\binary\apache-ant-1.10.12\bin;C:\Program Files\MySQL\MySQL Shell 8.0\bin\;C:\Users\janat\AppData\Local\Microsoft\WindowsApps;D:\vscode\Microsoft VS Code\bin;C:\Users\janat\AppData\Roaming\Composer\vendor\bin;C:\wamp64\bin\php\php7.3.21;C:\Program Files\JetBrains\PhpStorm 2021.1.2\bin;;C:\Users\janat\AppData\Roaming\npm;D:\4.godina\mips\alati\GNU_MCU\arm-none-eabi-gcc-10.2.1-1.1\bin;D:\4.godina\mips\alati\GNU_MCU\build-tools-4.2.1-2\bin;
USERNAME=janat
OS=Windows_NT
PROCESSOR_IDENTIFIER=Intel64 Family 6 Model 142 Stepping 10, GenuineIntel



---------------  S Y S T E M  ---------------

OS: Windows 10 , 64 bit Build 19041 (10.0.19041.1348)
HyperV virtualization detected

CPU:total 8 (initial active 8) (4 cores per cpu, 2 threads per core) family 6 model 142 stepping 10, cmov, cx8, fxsr, mmx, sse, sse2, sse3, ssse3, sse4.1, sse4.2, popcnt, avx, avx2, aes, clmul, erms, 3dnowpref, lzcnt, ht, tsc, tscinvbit, bmi1, bmi2, adx, fma

Memory: 4k page, system-wide physical 8056M (641M free)
TotalPageFile size 18732M (AvailPageFile size 99M)
current process WorkingSet (physical memory assigned to process): 10M, peak: 10M
current process commit charge ("private bytes"): 59M, peak: 185M

vm_info: Java HotSpot(TM) 64-Bit Server VM (13.0.2+8) for windows-amd64 JRE (13.0.2+8), built on Dec 11 2019 09:20:33 by "mach5one" with unknown MS VC++:1916

END.
